promotion_id|promotion_description|promotion_short_description|status|targeted_customer_flag|promoted_coupon_flag|promoted_class_flag|promoted_style_flag|promoted_vendor_flag|promoted_store_flag|promotion_weight|start_date|end_date|list_history_flag|coupon_history_flag|style_history_flag|store_history_flag|tender_history_flag|date_history_flag|next_sequence_no|last_analysis_date|date_last_modified|household_level_flag|timestamp
1|Elite Retail Buyers (training)|ELITE RETAIL|1|1|0|0|0|0|1|17|2011-06-18 00:00:00|2011-06-28 00:00:00|1|1|1|1|1|1|0|2011-06-17 09:21:00|2011-06-22 13:05:00|0|NULL
2|Email Blast Training|EMAIL BLAST |1|1|0|0|0|0|1|17|2011-07-01 00:00:00|2011-07-17 00:00:00|1|1|1|1|1|1|0|2011-06-22 10:00:00|2011-06-22 10:32:00|0|NULL
3|Promo_training|PROMO_TRAINI|1|1|0|0|0|0|1|17|2011-07-01 00:00:00|2011-07-15 00:00:00|1|1|1|1|1|1|0|2011-06-22 12:06:00|2011-06-22 12:12:00|0|NULL
4|Gift With Purchase Promotion|GWP PROMO|1|0|1|0|0|0|1|33|2011-08-04 00:00:00|2011-08-28 00:00:00|1|1|1|1|1|1|0|2011-07-06 10:56:00|2011-07-21 16:44:00|0|NULL
5|Baybrook Crafting Event|BAYBROOK CRA|2|1|0|0|0|0|0|16|2011-08-21 00:00:00|2011-08-21 00:00:00|1|1|1|1|1|1|0|2011-08-22 12:14:00|2011-08-22 13:00:00|0|NULL
6|Crafting Event|CRAFTING EVT|1|1|0|0|0|0|0|16|2011-08-21 00:00:00|2011-08-21 00:00:00|1|1|1|1|1|1|0|2011-09-13 16:03:00|2011-09-13 16:05:00|0|NULL
7|Training|TRAINING|1|1|0|0|0|0|0|16|2011-10-19 00:00:00|2011-11-08 00:00:00|1|1|1|1|1|1|0|2011-10-19 10:21:00|2011-10-19 11:44:00|0|NULL
9|Free Earring $35 Purchase|FREE EARRING|1|0|1|0|0|0|0|32|2011-10-25 00:00:00|2012-01-15 00:00:00|1|1|1|1|1|1|0|2011-10-25 17:43:00|2011-10-25 17:44:00|0|NULL
10|DM Promo 35+ (List Only)|DM PROMO 35+|1|1|0|0|0|0|0|16|2011-11-09 00:00:00|2011-12-31 00:00:00|1|1|1|1|1|1|0|2011-10-31 15:07:00|2011-11-09 13:32:00|0|NULL
11|Copy of : (10)|COPY10|3|0|0|0|0|0|0|0|2011-10-31 00:00:00|2011-10-31 00:00:00|1|1|1|1|1|1|0|2011-10-31 19:41:00|2011-10-31 19:41:00|0|NULL
12|DM Promo 35+ (Coupon+List)|DM PROMO 35+|1|1|1|0|0|0|0|48|2011-11-09 00:00:00|2011-12-31 00:00:00|1|1|1|1|1|1|0|2011-11-08 10:06:00|2011-11-09 13:32:00|0|NULL
13|DM Promo 45+ (List Only)|DM PROMO 45+|1|1|0|0|0|0|0|16|2011-11-09 00:00:00|2011-12-31 00:00:00|1|1|1|1|1|1|0|2011-11-09 10:22:00|2011-11-09 13:32:00|0|NULL
14|DM Promo 45+ (Coupon+List)|DM PROMO 45+|1|1|1|0|0|0|0|48|2011-11-09 00:00:00|2011-12-31 00:00:00|1|1|1|1|1|1|0|2011-11-09 10:29:00|2011-11-09 13:32:00|0|NULL
15|2011-12-07 Email 10 off 50|DEC11_EM10|2|0|1|0|0|0|0|32|2011-12-07 00:00:00|2011-12-09 00:00:00|1|1|1|1|1|1|0|2011-12-07 09:17:00|2011-12-07 12:03:00|0|NULL
17|Copy of : (15)|COPY15|1|0|0|0|0|0|0|0|2011-12-07 00:00:00|2011-12-07 00:00:00|1|1|1|1|1|1|0|2011-12-07 14:08:00|2011-12-07 14:08:00|0|NULL
18|2011-12-10 Email 30 off 100|DEC11_EM30|1|1|1|0|0|0|0|48|2011-12-09 00:00:00|2011-12-12 00:00:00|1|1|1|1|1|1|0|2011-12-07 14:08:00|2011-12-08 16:55:00|0|NULL
19|Social Media Promo|SOCIAL MEDIA|1|0|1|0|0|0|0|32|2011-12-12 00:00:00|2011-12-15 00:00:00|1|1|1|1|1|1|0|2011-12-12 09:44:00|2011-12-12 09:46:00|0|NULL
20|112 Promotion|112 PROMOTIO|1|0|1|0|0|0|0|32|2012-01-01 00:00:00|2012-01-31 00:00:00|1|1|1|1|1|1|0|2011-12-12 09:47:00|2011-12-12 09:48:00|0|NULL
21|2011-12-16 Email 30 off 100|DEC16_EM30|1|0|1|0|0|0|0|32|2011-12-17 00:00:00|2011-12-24 00:00:00|1|1|1|1|1|1|0|2011-12-16 17:22:00|2011-12-16 17:59:00|0|NULL
22|2011-12-16 Email 10 OFF 50|DEC16_EM10|1|0|1|0|0|0|0|32|2011-12-17 00:00:00|2011-12-24 00:00:00|1|1|1|1|1|1|0|2011-12-16 17:23:00|2011-12-16 17:58:00|0|NULL
23|2011-12-17 2 for 20 scarves|DEC17_SCARF|1|0|1|0|0|0|0|32|2011-12-17 00:00:00|2011-12-24 00:00:00|1|1|1|1|1|1|0|2011-12-16 17:32:00|2011-12-16 17:56:00|0|NULL
24|2011-12-21 Email 30 off 100|DEC21_EM30|1|0|1|0|0|0|0|32|2011-12-21 00:00:00|2011-12-24 00:00:00|1|1|1|1|1|1|0|2011-12-21 09:44:00|2011-12-21 15:10:00|0|NULL
25|2011-12-21 Email MISTYPES|DEC21_MISC|1|0|1|0|0|0|0|32|2011-12-21 00:00:00|2011-12-24 00:00:00|1|1|1|1|1|1|0|2011-12-21 10:01:00|2011-12-21 10:57:00|0|NULL
26|2011-12-21 Email 10 OFF 50|DEC21_EM10|1|0|1|0|0|0|0|32|2011-12-21 00:00:00|2011-12-24 00:00:00|1|1|1|1|1|1|0|2011-12-21 10:02:00|2011-12-21 15:11:00|0|NULL
27|2011-12-21 Text 10 OFF 50|DEC21_TEXT10|1|0|1|0|0|0|0|32|2011-12-21 00:00:00|2011-12-24 00:00:00|1|1|1|1|1|1|0|2011-12-21 10:26:00|2011-12-21 10:58:00|0|NULL
28|2011-12-25 Email 20 off 60|DEC25_EM20|1|0|1|0|0|0|0|32|2011-12-25 00:00:00|2012-01-06 00:00:00|1|1|1|1|1|1|0|2011-12-22 13:44:00|2011-12-22 13:57:00|0|NULL
29|Markdown Promo|MARKDOWN PRO|1|0|1|0|0|0|0|32|2012-01-17 00:00:00|2012-02-29 00:00:00|1|1|1|1|1|1|0|2012-01-17 09:13:00|2012-01-17 09:15:00|0|NULL
30|2012-03 Store15 10 off 50|2012-0310OFF|1|0|1|0|0|0|0|32|2012-03-19 00:00:00|2012-05-31 00:00:00|0|1|0|0|0|0|0|2012-03-19 10:27:00|2012-03-19 10:30:00|0|NULL
31|Spring Postcrd GWP (L Only)|SPRING POSTC|1|1|0|0|0|0|0|16|2012-04-03 00:00:00|2012-04-30 00:00:00|1|1|1|1|1|1|0|2012-04-02 15:28:00|2012-04-04 09:43:00|0|NULL
32|Spring Postcrd GWP (L+C)|SPRING POSTC|1|1|1|0|0|0|0|48|2012-04-03 00:00:00|2012-04-30 00:00:00|1|1|1|1|1|1|0|2012-04-02 16:10:00|2012-04-04 09:43:00|0|NULL
33|Spring Postcrd MERCH (L Only)|SPRING POSTC|1|1|0|0|0|0|0|16|2012-04-03 00:00:00|2012-04-30 00:00:00|1|1|1|1|1|1|0|2012-04-02 16:16:00|2012-04-04 09:42:00|0|NULL
34|Test Promo Tracking|TEST PROMO T|1|0|0|0|0|0|0|0|2012-04-16 00:00:00|2012-04-16 00:00:00|0|0|0|0|0|0|0|2012-04-16 22:59:00|2012-04-16 23:00:00|0|NULL
35|June Email List A|JUNE EMAIL L|1|1|0|0|0|0|0|16|2012-06-01 00:00:00|2012-07-31 00:00:00|1|1|1|1|1|1|0|2012-06-01 11:57:00|2012-06-25 08:17:00|0|NULL
36|June Email List B|JUNE EMAIL L|1|1|0|0|0|0|0|16|2012-06-01 00:00:00|2012-07-31 00:00:00|1|1|1|1|1|1|0|2012-06-01 12:17:00|2012-06-25 08:18:00|0|NULL
37|June Email List A&B|JUNE EMAIL L|1|1|0|0|0|0|0|16|2012-06-01 00:00:00|2012-07-31 00:00:00|1|1|1|1|1|1|0|2012-06-01 12:21:00|2012-06-25 08:18:00|0|NULL
38|June Mailer A Total|JUNE MAILER |1|1|0|0|0|0|0|16|2012-06-01 00:00:00|2012-07-31 00:00:00|1|1|1|1|1|1|0|2012-06-01 16:03:00|2012-06-25 08:19:00|0|NULL
39|June Mailer A New|JUNE MAILER |1|1|0|0|0|0|0|16|2012-06-01 00:00:00|2012-07-31 00:00:00|1|1|1|1|1|1|0|2012-06-01 16:21:00|2012-06-25 08:19:00|0|NULL
40|June Mailer A Rec Dormant|JUNE MAILER |1|1|0|0|0|0|0|16|2012-06-01 00:00:00|2012-07-31 00:00:00|1|1|1|1|1|1|0|2012-06-01 16:24:00|2012-06-25 08:19:00|0|NULL
41|June Mailer A Trx1|JUNE MAILER |1|1|0|0|0|0|0|16|2012-06-01 00:00:00|2012-07-31 00:00:00|1|1|1|1|1|1|0|2012-06-01 16:40:00|2012-06-25 08:19:00|0|NULL
42|June Mailer A TRX2|JUNE MAILER |1|1|0|0|0|0|0|16|2012-06-01 00:00:00|2012-07-31 00:00:00|1|1|1|1|1|1|0|2012-06-01 16:31:00|2012-06-25 08:19:00|0|NULL
43|June Mailer A Very Dor|JUNE MAILER |1|1|0|0|0|0|0|16|2012-06-01 00:00:00|2012-07-31 00:00:00|1|1|1|1|1|1|0|2012-06-01 16:33:00|2012-06-25 08:20:00|0|NULL
44|June Mailer B Very Dor|JUNE MAILER |1|1|0|0|0|0|0|16|2012-06-01 00:00:00|2012-07-31 00:00:00|1|1|1|1|1|1|0|2012-06-01 16:35:00|2012-06-25 08:20:00|0|NULL
45|June Mailer B New|JUNE MAILER |1|1|0|0|0|0|0|16|2012-06-01 00:00:00|2012-07-31 00:00:00|1|1|1|1|1|1|0|2012-06-01 16:37:00|2012-06-25 08:20:00|0|NULL
46|June Mailer B Trx 2|JUNE MAILER |1|1|0|0|0|0|0|16|2012-06-01 00:00:00|2012-06-01 00:00:00|1|1|1|1|1|1|0|2012-06-01 16:56:00|2012-06-02 16:01:00|0|NULL
47|June Mailer B Total|JUNE MAILER |1|1|0|0|0|0|0|16|2012-06-01 00:00:00|2012-07-31 00:00:00|1|1|1|1|1|1|0|2012-06-01 16:38:00|2012-06-25 08:21:00|0|NULL
48|June Mailer B Trx 2|JUNE MAILER |4|1|0|0|0|0|0|16|2012-06-01 00:00:00|2012-06-30 00:00:00|1|1|1|1|1|1|0|2012-06-01 16:38:00|2012-06-01 16:39:00|0|NULL
49|June Mailer B Rec Dor|JUNE MAILER |1|1|0|0|0|0|0|16|2012-06-01 00:00:00|2012-07-31 00:00:00|1|1|1|1|1|1|0|2012-06-01 16:43:00|2012-06-25 08:21:00|0|NULL
50|June Mailer A New Control|JUNE MAILER |1|1|0|0|0|0|0|16|2012-06-01 00:00:00|2012-07-31 00:00:00|1|1|1|1|1|1|0|2012-06-01 18:04:00|2012-06-25 08:21:00|0|NULL
51|June Mailer A Rec Dor Control|JUNE MAILER |1|1|0|0|0|0|0|16|2012-06-01 00:00:00|2012-07-31 00:00:00|1|1|1|1|1|1|0|2012-06-01 18:06:00|2012-06-25 08:22:00|0|NULL
52|June Mailer A Trx1 Control|JUNE MAILER |1|1|0|0|0|0|0|16|2012-06-01 00:00:00|2012-07-31 00:00:00|1|1|1|1|1|1|0|2012-06-01 18:07:00|2012-06-25 08:22:00|0|NULL
53|June Mailer A Trx 2 Control|JUNE MAILER |1|1|0|0|0|0|0|16|2012-06-01 00:00:00|2012-07-31 00:00:00|1|1|1|1|1|1|0|2012-06-01 18:08:00|2012-06-25 08:22:00|0|NULL
54|June Mailer A Very Dor Control|JUNE MAILER |1|1|0|0|0|0|0|16|2012-06-01 00:00:00|2012-07-31 00:00:00|1|1|1|1|1|1|0|2012-06-01 18:10:00|2012-06-25 08:23:00|0|NULL
55|June Mailer B New Control|JUNE MAILER |1|1|0|0|0|0|0|16|2012-06-01 00:00:00|2012-07-31 00:00:00|1|1|1|1|1|1|0|2012-06-01 18:11:00|2012-06-25 08:23:00|0|NULL
56|June Mailer B Rec Dor Control|JUNE MAILER |1|1|0|0|0|0|0|16|2012-06-01 00:00:00|2012-07-31 00:00:00|1|1|1|1|1|1|0|2012-06-01 18:13:00|2012-06-25 08:23:00|0|NULL
57|June Mailer B Trx1 Control|JUNE MAILER |1|1|0|0|0|0|0|16|2012-06-01 00:00:00|2012-07-31 00:00:00|1|1|1|1|1|1|0|2012-06-01 18:14:00|2012-06-25 08:23:00|0|NULL
58|June Mailer B Trx 2 Control|JUNE MAILER |1|1|0|0|0|0|0|16|2012-06-01 00:00:00|2012-07-31 00:00:00|1|1|1|1|1|1|0|2012-06-01 18:15:00|2012-06-25 08:23:00|0|NULL
59|June Mailer B Very Dor Control|JUNE MAILER |1|1|0|0|0|0|0|16|2012-06-01 00:00:00|2012-07-31 00:00:00|1|1|1|1|1|1|0|2012-06-01 18:17:00|2012-06-25 08:23:00|0|NULL
60|June Mailer B Trx 1|JUNE MAILER |1|1|0|0|0|0|0|16|2012-06-01 00:00:00|2012-07-31 00:00:00|1|1|1|1|1|1|0|2012-06-02 16:38:00|2012-06-25 08:23:00|0|NULL
61|June Mailer B Trx 2 - Revised|JUNE MAILER |1|1|0|0|0|0|0|16|2012-06-03 00:00:00|2012-07-31 00:00:00|1|1|1|1|1|1|0|2012-06-03 17:21:00|2012-06-25 08:24:00|0|NULL
63|June/July Coupon&Lists|JUNE/JULY CO|1|1|1|0|0|0|0|48|2012-07-01 00:00:00|2012-07-31 00:00:00|1|1|1|1|1|1|0|2012-06-28 09:27:00|2012-07-01 20:58:00|0|NULL
64|June/July List Only|JUNE/JULY LI|1|1|0|0|0|0|0|16|2012-07-01 00:00:00|2012-07-31 00:00:00|1|1|1|1|1|1|0|2012-06-29 15:21:00|2012-07-01 08:54:00|0|NULL
65|June/July Group A List/Control|JUNE/JULY GR|1|1|0|0|0|0|0|16|2012-07-01 00:00:00|2012-07-31 00:00:00|1|1|1|1|1|1|0|2012-06-29 17:35:00|2012-07-01 08:50:00|0|NULL
66|June/July Group B List/Control|JUNE/JULY GR|1|1|0|0|0|0|0|16|2012-07-01 00:00:00|2012-07-31 00:00:00|1|1|1|1|1|1|0|2012-06-29 17:41:00|2012-07-01 08:46:00|0|NULL
67|AUG12 Welcom Email Coupons|AUG12 WELCOM|1|0|1|0|0|0|0|32|2012-08-14 00:00:00|2012-09-30 00:00:00|1|1|1|1|1|1|0|2012-08-10 09:35:00|2012-08-10 17:47:00|0|NULL
68|Aug Chino Hills Free Earring|AUG CHINO HI|1|0|1|0|0|0|0|32|2012-08-30 00:00:00|2012-09-08 00:00:00|1|1|1|1|1|1|0|2012-08-15 09:08:00|2012-08-15 09:16:00|0|NULL
69|Sept Lucky GWP|SEPT LUCKY G|1|1|1|0|0|0|0|48|2012-08-30 00:00:00|2012-09-30 00:00:00|1|1|1|1|1|1|0|2012-08-15 09:16:00|2012-08-30 08:57:00|0|NULL
70|SEPT12 MAILER (List+Coupon)|SEPT12 MAILE|1|1|1|0|0|0|0|48|2012-08-22 00:00:00|2012-09-30 00:00:00|1|1|1|1|1|1|0|2012-08-15 15:38:00|2012-08-22 15:02:00|0|NULL
71|SEPT12 MAILER (ListOnly)|SEPT12 MAILE|1|1|0|0|0|0|0|16|2012-08-22 00:00:00|2012-09-30 00:00:00|1|1|1|1|1|1|0|2012-08-15 15:41:00|2012-08-22 15:02:00|0|NULL
72|SEPT12 MAILER (ListTotals)|SEPT12 MAILE|1|1|0|0|0|0|0|16|2012-08-22 00:00:00|2012-09-30 00:00:00|1|1|1|1|1|1|0|2012-08-15 15:42:00|2012-08-22 15:03:00|0|NULL
73|OCT-NOV12 PeopleStyleWatch|OCT-NOV12 PE|1|0|1|0|0|0|0|32|2012-10-19 00:00:00|2012-11-16 00:00:00|1|1|1|1|1|1|0|2012-08-21 15:43:00|2012-09-07 12:57:00|0|NULL
74|SEP12 WELCOME EMAIL|SEP12 WELCOM|1|0|1|0|0|0|0|32|2012-09-01 00:00:00|2012-10-31 00:00:00|1|1|1|1|1|1|0|2012-08-30 12:18:00|2012-08-30 12:25:00|0|NULL
75|Atlanta Promotion|ATLANTA PROM|1|0|0|0|0|0|0|0|2012-09-10 00:00:00|2012-09-10 00:00:00|0|0|0|0|0|0|0|2012-09-10 17:38:00|2012-09-10 17:39:00|0|NULL
76|Dallas Sept Bounce Back |DALLAS SEPT |1|0|1|0|0|0|0|32|2012-09-24 00:00:00|2012-09-30 00:00:00|1|1|1|1|1|1|0|2012-09-12 12:13:00|2012-09-12 12:15:00|0|NULL
