promotion_id|coupon_code|coupon_description|list_code
4|700000000089|GWP PROMO CODE|0
9|HOL11EARRING|Free Earring w/ $35 Purchase|0
12|EARFREE35|Spend $35+ get free earrings|2
14|EARFREE45|Spend $45+ get free earrings|2
18|700100001211|2011-12-09 Email 30 OFF 100|2
19|SM12110OFF50|Social Media Coupon|0
20|112PROMO|112 Promotion|0
21|700100001212|Save $30 on $100 or More|0
21|70010001212|Save $30 on $100 or More|0
21|7001001212|Save $30 on $100 or More|0
21|7001OOOO1212|Save $30 on $100 or More|0
21|7OO1OOOO1212|Save $30 on $100 or More|0
22|700100001214|Save $10 on $50 or More|0
22|70010001214|Save $10 on $50 or More|0
22|7001001214|Save $10 on $50 or More|0
22|7OO1OOOO1214|Save $10 on $50 or More|0
23|700100001215|2 for $20 scarves|0
24|$30OFF$100|30 off 100 mistype|0
24|700100061212|30 off 100 mistype|0
24|700108881212|30 off 100 mistype|0
24|701000001212|30 off 100 mistype|0
24|EM300FF100|30 off 100 mistype|0
24|EM300FF1OO|30 off 100 mistype|0
24|EM30OFF100|2011-12-21 Email 30 Off 100|0
24|EM3OOFF1OO|30 off 100 mistype|0
25|700010000121|email coupon mistype|0
25|700100000121|email coupon mistype|0
25|710010000121|email coupon mistype|0
25|ONLINE COUPO|email coupon mistype|0
25|ONLINECOUPON|email coupon mistype|0
26|$10 OFF $50|10 off 50 mistype|0
26|10 OFF|10 off 50 mistype|0
26|10 OFF 50|10 off 50 mistype|0
26|10 OFF OF 50|10 off 50 mistype|0
26|10 OFF50|10 off 50 mistype|0
26|10OFF50|10 off 50 mistype|0
26|10OFF50EMAIL|10 off 50 mistype|0
26|10OFFOF50|10 off 50 mistype|0
26|400100001214|10 off 50 mistype|0
26|700010001214|10 off 50 mistype|0
26|700180801214|10 off 50 mistype|0
26|701100001214|10 off 50 mistype|0
26|708180801214|10 off 50 mistype|0
26|780100001214|10 off 50 mistype|0
26|EM100FF50|10 off 50 mistype|0
26|EM10OFF50|10 off 50 mistype|0
26|EMA1110OFF50|10 off 50 mistype|0
26|EMAI110OFF50|10 off 50 mistype|0
26|EMAIIOFF50|10 off 50 mistype|0
26|EMAIL100FF50|10 off 50 mistype|0
26|EMAIL10FF50|10 off 50 mistype|0
26|EMAIL10OFF50|12-21-2011 10 Off 50 Email|0
26|EMAIL10OFF5O|10 off 50 mistype|0
26|EMAIL18OFF50|10 off 50 mistype|0
26|EMAIL1O0FF50|10 off 50 mistype|0
26|EMAIL1O0FF5O|10 off 50 mistype|0
26|EMAIL1OOFF50|10 off 50 mistype|0
26|EMIAL10OFF50|10 off 50 mistype|0
27|700001001216|Dec 21 Text 10 off 50|0
27|700010001216|Dec 21 Text 10 off 50 mistype|0
