customer_id|promotion_id|list_code|response_flag|household_mailed_flag
51226|230|1|0|1
51226|231|1|0|1
51226|233|10|0|1
51226|235|10|0|1
51228|223|3|0|1
51228|224|3|0|1
51228|231|3|0|1
51235|223|7|0|1
51235|224|7|0|1
51244|223|5|0|1
51244|224|5|0|1
51244|229|5|1|1
51244|230|5|0|1
51244|231|5|0|1
51244|233|5|0|1
51244|235|5|0|1
51248|223|1|1|1
51248|224|1|1|1
51248|227|1|1|1
51248|228|1|1|1
51248|229|1|0|1
51248|230|1|0|1
51248|231|1|0|1
51248|233|1|0|1
51248|235|1|0|1
51249|223|3|0|1
51249|224|3|0|1
51249|227|3|0|1
51249|228|3|0|1
51249|229|8|0|1
51249|230|8|0|1
51249|231|7|0|1
51249|233|7|0|1
51249|235|7|0|1
51254|223|16|1|1
51254|224|17|0|1
51254|227|5|0|1
51254|228|5|0|1
51254|230|29|1|0
51265|223|5|0|1
51265|224|5|0|1
51265|231|5|0|1
51265|233|7|0|1
51265|235|7|0|1
51267|223|5|1|1
51267|224|5|0|1
51267|229|5|0|1
51267|230|5|0|1
51267|231|5|0|1
51267|233|5|0|1
51267|235|5|0|1
51273|223|3|0|1
51273|224|3|0|1
51273|227|16|0|1
51273|228|16|0|1
51273|229|3|0|1
51273|230|3|0|1
51273|231|3|0|1
51273|233|11|0|1
51273|235|11|0|1
51281|223|3|1|1
51281|224|3|1|1
51281|229|3|0|1
51281|230|3|0|1
51281|231|3|0|1
51281|233|3|0|1
51281|235|3|0|1
51292|223|5|0|1
51292|224|5|0|1
51292|229|5|0|1
51292|230|5|0|1
51292|231|5|0|1
51292|233|5|0|1
51292|235|5|0|1
51299|223|5|0|1

