CUSTOMER_ID|Field2|Field3|Field4
6192004|21344619|21344619|21344.619000
6192003|12893297|12893297|12893.297000
6192002|1100689|1100689|1100.689000
7342625|79966|79966|79.966000
9682841|38470|38470|38.470000
9247718|35987|35987|35.987000
8550267|31310|31310|31.310000
12941262|30277|10277|30.277000
12853734|30182|30182|30.182000
11615202|23998|3998|23.998000
12932231|22853|2853|22.853000
13253825|21030|1030|21.030000
806891|16469|469|16.469000
4239588|15029|29|15.029000
1277977|13752|752|13.752000
12883741|13270|270|13.270000
2447324|12854|12854|12.854000
12988038|12410|1410|12.410000
11199557|11820|820|11.820000
12987971|11709|709|11.709000
7903861|11665|11665|11.665000
13201641|11230|230|11.230000
12820560|11146|1146|11.146000
13041948|11070|70|11.070000
3214012|10899|899|10.899000
5026423|10742|742|10.742000
12924202|10710|710|10.710000
8713223|10514|10514|10.514000

