promotion_id|transaction_date|promoted_retail|non_promoted_retail|promoted_cost|non_promoted_cost|no_transactions|promoted_retail_with_cost|non_promoted_retail_with_cost|rpromoted_retail|rnon_promoted_retail|rpromoted_cost|rnon_promoted_cost|rpromoted_retail_with_cost|rnon_promoted_retail_with_cost|rno_transactions
1|2011-06-18 00:00:00|19797.08|0.00|7058.31|0.00|555|18663.95|0.00|0.00|0.00|0.00|0.00|0.00|0.00|0
1|2011-06-19 00:00:00|7508.90|0.00|2804.57|0.00|209|7237.56|0.00|0.00|0.00|0.00|0.00|0.00|0.00|0
1|2011-06-20 00:00:00|9928.77|0.00|4236.04|0.00|302|9720.20|0.00|0.00|0.00|0.00|0.00|0.00|0.00|0
1|2011-06-21 00:00:00|12233.90|0.00|5015.40|0.00|339|11803.25|0.00|0.00|0.00|0.00|0.00|0.00|0.00|0
1|2011-06-22 00:00:00|11886.93|0.00|4773.95|0.00|326|11303.14|0.00|0.00|0.00|0.00|0.00|0.00|0.00|0
1|2011-06-23 00:00:00|15982.52|0.00|6143.83|0.00|450|15468.64|0.00|0.00|0.00|0.00|0.00|0.00|0.00|0
1|2011-06-24 00:00:00|23130.95|0.00|9192.14|0.00|601|22419.61|0.00|0.00|0.00|0.00|0.00|0.00|0.00|0
1|2011-06-25 00:00:00|21043.38|0.00|7567.63|0.00|560|19434.68|0.00|0.00|0.00|0.00|0.00|0.00|0.00|0
1|2011-06-26 00:00:00|9492.39|0.00|3568.40|0.00|249|9217.79|0.00|0.00|0.00|0.00|0.00|0.00|0.00|0
1|2011-06-27 00:00:00|11387.21|0.00|5093.44|0.00|326|11058.39|0.00|0.00|0.00|0.00|0.00|0.00|0.00|0
1|2011-06-28 00:00:00|12356.06|0.00|4951.58|0.00|352|11749.37|0.00|0.00|0.00|0.00|0.00|0.00|0.00|0
2|2011-07-01 00:00:00|106144.86|0.00|41252.09|0.00|3401|101452.43|0.00|0.00|0.00|-0.25|0.00|0.00|0.00|0
2|2011-07-02 00:00:00|115822.37|0.00|42081.57|0.00|3589|109983.38|0.00|0.00|0.00|0.00|0.00|0.00|0.00|0
2|2011-07-03 00:00:00|56803.50|0.00|21605.52|0.00|1790|54389.02|0.00|0.00|0.00|-0.10|0.00|0.00|0.00|0
2|2011-07-04 00:00:00|48789.77|0.00|17849.48|0.00|1535|45802.52|0.00|0.00|0.00|0.00|0.00|0.00|0.00|0
2|2011-07-05 00:00:00|53258.89|0.00|19702.49|0.00|1793|51231.85|0.00|0.00|0.00|-1.75|0.00|0.00|0.00|0
2|2011-07-06 00:00:00|72521.36|0.00|39276.32|0.00|2438|68808.51|0.00|0.00|0.00|0.00|0.00|0.00|0.00|0
2|2011-07-07 00:00:00|81533.05|0.00|45527.86|0.00|2822|78056.73|0.00|0.00|0.00|0.00|0.00|0.00|0.00|0
2|2011-07-08 00:00:00|101496.88|0.00|47589.39|0.00|3324|95851.52|0.00|0.00|0.00|0.00|0.00|0.00|0.00|0

